c:\users\student\documents\visual studio 2015\projects\action00\debug\action00.pch
c:\users\student\documents\visual studio 2015\projects\action00\debug\vc140.pdb
c:\users\student\documents\visual studio 2015\projects\action00\debug\vc140.idb
c:\users\student\documents\visual studio 2015\projects\action00\debug\precompile.obj
c:\users\student\documents\visual studio 2015\projects\action00\debug\particle.obj
c:\users\student\documents\visual studio 2015\projects\action00\debug\pause.obj
c:\users\student\documents\visual studio 2015\projects\action00\debug\player3d.obj
c:\users\student\documents\visual studio 2015\projects\action00\debug\playerlevel.obj
c:\users\student\documents\visual studio 2015\projects\action00\debug\ranking.obj
c:\users\student\documents\visual studio 2015\projects\action00\debug\renderer.obj
c:\users\student\documents\visual studio 2015\projects\action00\debug\result.obj
c:\users\student\documents\visual studio 2015\projects\action00\debug\sample.obj
c:\users\student\documents\visual studio 2015\projects\action00\debug\score.obj
c:\users\student\documents\visual studio 2015\projects\action00\debug\sideblock3d.obj
c:\users\student\documents\visual studio 2015\projects\action00\debug\sound.obj
c:\users\student\documents\visual studio 2015\projects\action00\debug\texture.obj
c:\users\student\documents\visual studio 2015\projects\action00\debug\title.obj
c:\users\student\documents\visual studio 2015\projects\action00\debug\titleui.obj
c:\users\student\documents\visual studio 2015\projects\action00\debug\tutorialui.obj
c:\users\student\documents\visual studio 2015\projects\action00\debug\wallattackdown.obj
c:\users\student\documents\visual studio 2015\projects\action00\debug\wallattackside.obj
c:\users\student\documents\visual studio 2015\projects\action00\debug\walljump.obj
c:\users\student\documents\visual studio 2015\projects\action00\debug\wallmove.obj
c:\users\student\documents\visual studio 2015\projects\action00\debug\xmodel.obj
c:\users\student\documents\visual studio 2015\projects\action00\debug\levelupui.obj
c:\users\student\documents\visual studio 2015\projects\action00\debug\lifegauge.obj
c:\users\student\documents\visual studio 2015\projects\action00\debug\lifegaugebillboard.obj
c:\users\student\documents\visual studio 2015\projects\action00\debug\light.obj
c:\users\student\documents\visual studio 2015\projects\action00\debug\main.obj
c:\users\student\documents\visual studio 2015\projects\action00\debug\manager.obj
c:\users\student\documents\visual studio 2015\projects\action00\debug\map2d.obj
c:\users\student\documents\visual studio 2015\projects\action00\debug\mapblock.obj
c:\users\student\documents\visual studio 2015\projects\action00\debug\mapdoor.obj
c:\users\student\documents\visual studio 2015\projects\action00\debug\mapneedlelr.obj
c:\users\student\documents\visual studio 2015\projects\action00\debug\mapneedleud.obj
c:\users\student\documents\visual studio 2015\projects\action00\debug\mapswitch.obj
c:\users\student\documents\visual studio 2015\projects\action00\debug\model.obj
c:\users\student\documents\visual studio 2015\projects\action00\debug\motion.obj
c:\users\student\documents\visual studio 2015\projects\action00\debug\number.obj
c:\users\student\documents\visual studio 2015\projects\action00\debug\object.obj
c:\users\student\documents\visual studio 2015\projects\action00\debug\object2d.obj
c:\users\student\documents\visual studio 2015\projects\action00\debug\objectbillboard.obj
c:\users\student\documents\visual studio 2015\projects\action00\debug\objectx.obj
c:\users\student\documents\visual studio 2015\projects\action00\debug\objectxtex.obj
c:\users\student\documents\visual studio 2015\projects\action00\debug\comboui.obj
c:\users\student\documents\visual studio 2015\projects\action00\debug\debugnumber3d.obj
c:\users\student\documents\visual studio 2015\projects\action00\debug\debugproc.obj
c:\users\student\documents\visual studio 2015\projects\action00\debug\directionparticle.obj
c:\users\student\documents\visual studio 2015\projects\action00\debug\edit.obj
c:\users\student\documents\visual studio 2015\projects\action00\debug\editblock3d.obj
c:\users\student\documents\visual studio 2015\projects\action00\debug\effect.obj
c:\users\student\documents\visual studio 2015\projects\action00\debug\effectmovepolygon.obj
c:\users\student\documents\visual studio 2015\projects\action00\debug\empmanager.obj
c:\users\student\documents\visual studio 2015\projects\action00\debug\enemy3d.obj
c:\users\student\documents\visual studio 2015\projects\action00\debug\enemybullet3d.obj
c:\users\student\documents\visual studio 2015\projects\action00\debug\fade.obj
c:\users\student\documents\visual studio 2015\projects\action00\debug\falleffect.obj
c:\users\student\documents\visual studio 2015\projects\action00\debug\foreground2d.obj
c:\users\student\documents\visual studio 2015\projects\action00\debug\game.obj
c:\users\student\documents\visual studio 2015\projects\action00\debug\gauge.obj
c:\users\student\documents\visual studio 2015\projects\action00\debug\gaugebillboard.obj
c:\users\student\documents\visual studio 2015\projects\action00\debug\input.obj
c:\users\student\documents\visual studio 2015\projects\action00\debug\levelpoint3d.obj
c:\users\student\documents\visual studio 2015\projects\action00\debug\levelup.obj
c:\users\student\documents\visual studio 2015\projects\action00\debug\blockui.obj
c:\users\student\documents\visual studio 2015\projects\action00\debug\bosslevel.obj
c:\users\student\documents\visual studio 2015\projects\action00\debug\break.obj
c:\users\student\documents\visual studio 2015\projects\action00\debug\breakpiece.obj
c:\users\student\documents\visual studio 2015\projects\action00\debug\break_block3d.obj
c:\users\student\documents\visual studio 2015\projects\action00\debug\break_blockbillboard.obj
c:\users\student\documents\visual studio 2015\projects\action00\debug\bullet3d.obj
c:\users\student\documents\visual studio 2015\projects\action00\debug\bullettypeui.obj
c:\users\student\documents\visual studio 2015\projects\action00\debug\camera.obj
c:\users\student\documents\visual studio 2015\projects\action00\debug\combo.obj
c:\users\student\documents\visual studio 2015\projects\action00\debug\mapcannon.obj
c:\users\student\documents\visual studio 2015\projects\action00\debug\mappitfloor.obj
c:\users\student\documents\visual studio 2015\projects\action00\debug\mapneedle.obj
c:\users\student\documents\visual studio 2015\projects\action00\debug\cannonbullet.obj
c:\users\student\documents\visual studio 2015\projects\action00\debug\mapcheckpoint.obj
c:\users\student\documents\visual studio 2015\projects\action00\debug\time.obj
c:\users\student\documents\visual studio 2015\projects\action-git\action00\action00\debug\action00.pch
c:\users\student\documents\visual studio 2015\projects\action-git\action00\action00\debug\vc140.pdb
c:\users\student\documents\visual studio 2015\projects\action-git\action00\action00\debug\vc140.idb
c:\users\student\documents\visual studio 2015\projects\action-git\action00\action00\debug\precompile.obj
c:\users\student\documents\visual studio 2015\projects\action-git\action00\action00\debug\pause.obj
c:\users\student\documents\visual studio 2015\projects\action-git\action00\action00\debug\player3d.obj
c:\users\student\documents\visual studio 2015\projects\action-git\action00\action00\debug\playerlevel.obj
c:\users\student\documents\visual studio 2015\projects\action-git\action00\action00\debug\ranking.obj
c:\users\student\documents\visual studio 2015\projects\action-git\action00\action00\debug\renderer.obj
c:\users\student\documents\visual studio 2015\projects\action-git\action00\action00\debug\result.obj
c:\users\student\documents\visual studio 2015\projects\action-git\action00\action00\debug\sample.obj
c:\users\student\documents\visual studio 2015\projects\action-git\action00\action00\debug\score.obj
c:\users\student\documents\visual studio 2015\projects\action-git\action00\action00\debug\sideblock3d.obj
c:\users\student\documents\visual studio 2015\projects\action-git\action00\action00\debug\sound.obj
c:\users\student\documents\visual studio 2015\projects\action-git\action00\action00\debug\texture.obj
c:\users\student\documents\visual studio 2015\projects\action-git\action00\action00\debug\time.obj
c:\users\student\documents\visual studio 2015\projects\action-git\action00\action00\debug\title.obj
c:\users\student\documents\visual studio 2015\projects\action-git\action00\action00\debug\titleui.obj
c:\users\student\documents\visual studio 2015\projects\action-git\action00\action00\debug\tutorialui.obj
c:\users\student\documents\visual studio 2015\projects\action-git\action00\action00\debug\wallattackdown.obj
c:\users\student\documents\visual studio 2015\projects\action-git\action00\action00\debug\wallattackside.obj
c:\users\student\documents\visual studio 2015\projects\action-git\action00\action00\debug\walljump.obj
c:\users\student\documents\visual studio 2015\projects\action-git\action00\action00\debug\wallmove.obj
c:\users\student\documents\visual studio 2015\projects\action-git\action00\action00\debug\xmodel.obj
c:\users\student\documents\visual studio 2015\projects\action-git\action00\action00\debug\main.obj
c:\users\student\documents\visual studio 2015\projects\action-git\action00\action00\debug\manager.obj
c:\users\student\documents\visual studio 2015\projects\action-git\action00\action00\debug\map2d.obj
c:\users\student\documents\visual studio 2015\projects\action-git\action00\action00\debug\mapblock.obj
c:\users\student\documents\visual studio 2015\projects\action-git\action00\action00\debug\mapcannon.obj
c:\users\student\documents\visual studio 2015\projects\action-git\action00\action00\debug\mapdoor.obj
c:\users\student\documents\visual studio 2015\projects\action-git\action00\action00\debug\mapneedle.obj
c:\users\student\documents\visual studio 2015\projects\action-git\action00\action00\debug\mapneedlelr.obj
c:\users\student\documents\visual studio 2015\projects\action-git\action00\action00\debug\mapneedleud.obj
c:\users\student\documents\visual studio 2015\projects\action-git\action00\action00\debug\mappitfloor.obj
c:\users\student\documents\visual studio 2015\projects\action-git\action00\action00\debug\mapswitch.obj
c:\users\student\documents\visual studio 2015\projects\action-git\action00\action00\debug\model.obj
c:\users\student\documents\visual studio 2015\projects\action-git\action00\action00\debug\motion.obj
c:\users\student\documents\visual studio 2015\projects\action-git\action00\action00\debug\number.obj
c:\users\student\documents\visual studio 2015\projects\action-git\action00\action00\debug\object.obj
c:\users\student\documents\visual studio 2015\projects\action-git\action00\action00\debug\object2d.obj
c:\users\student\documents\visual studio 2015\projects\action-git\action00\action00\debug\objectbillboard.obj
c:\users\student\documents\visual studio 2015\projects\action-git\action00\action00\debug\objectx.obj
c:\users\student\documents\visual studio 2015\projects\action-git\action00\action00\debug\objectxtex.obj
c:\users\student\documents\visual studio 2015\projects\action-git\action00\action00\debug\particle.obj
c:\users\student\documents\visual studio 2015\projects\action-git\action00\action00\debug\debugproc.obj
c:\users\student\documents\visual studio 2015\projects\action-git\action00\action00\debug\directionparticle.obj
c:\users\student\documents\visual studio 2015\projects\action-git\action00\action00\debug\edit.obj
c:\users\student\documents\visual studio 2015\projects\action-git\action00\action00\debug\editblock3d.obj
c:\users\student\documents\visual studio 2015\projects\action-git\action00\action00\debug\effect.obj
c:\users\student\documents\visual studio 2015\projects\action-git\action00\action00\debug\effectmovepolygon.obj
c:\users\student\documents\visual studio 2015\projects\action-git\action00\action00\debug\empmanager.obj
c:\users\student\documents\visual studio 2015\projects\action-git\action00\action00\debug\enemybullet3d.obj
c:\users\student\documents\visual studio 2015\projects\action-git\action00\action00\debug\fade.obj
c:\users\student\documents\visual studio 2015\projects\action-git\action00\action00\debug\falleffect.obj
c:\users\student\documents\visual studio 2015\projects\action-git\action00\action00\debug\foreground2d.obj
c:\users\student\documents\visual studio 2015\projects\action-git\action00\action00\debug\game.obj
c:\users\student\documents\visual studio 2015\projects\action-git\action00\action00\debug\gauge.obj
c:\users\student\documents\visual studio 2015\projects\action-git\action00\action00\debug\gaugebillboard.obj
c:\users\student\documents\visual studio 2015\projects\action-git\action00\action00\debug\input.obj
c:\users\student\documents\visual studio 2015\projects\action-git\action00\action00\debug\levelup.obj
c:\users\student\documents\visual studio 2015\projects\action-git\action00\action00\debug\levelupui.obj
c:\users\student\documents\visual studio 2015\projects\action-git\action00\action00\debug\lifegauge.obj
c:\users\student\documents\visual studio 2015\projects\action-git\action00\action00\debug\lifegaugebillboard.obj
c:\users\student\documents\visual studio 2015\projects\action-git\action00\action00\debug\light.obj
c:\users\student\documents\visual studio 2015\projects\action-git\action00\action00\debug\blockui.obj
c:\users\student\documents\visual studio 2015\projects\action-git\action00\action00\debug\bosslevel.obj
c:\users\student\documents\visual studio 2015\projects\action-git\action00\action00\debug\break.obj
c:\users\student\documents\visual studio 2015\projects\action-git\action00\action00\debug\breakpiece.obj
c:\users\student\documents\visual studio 2015\projects\action-git\action00\action00\debug\break_block3d.obj
c:\users\student\documents\visual studio 2015\projects\action-git\action00\action00\debug\break_blockbillboard.obj
c:\users\student\documents\visual studio 2015\projects\action-git\action00\action00\debug\bullet3d.obj
c:\users\student\documents\visual studio 2015\projects\action-git\action00\action00\debug\bullettypeui.obj
c:\users\student\documents\visual studio 2015\projects\action-git\action00\action00\debug\camera.obj
c:\users\student\documents\visual studio 2015\projects\action-git\action00\action00\debug\cannonbullet.obj
c:\users\student\documents\visual studio 2015\projects\action-git\action00\action00\debug\enemy3d.obj
c:\users\student\documents\visual studio 2015\projects\action-git\action00\action00\debug\levelpoint3d.obj
c:\users\student\documents\visual studio 2015\projects\action-git\action00\action00\debug\mapcheckpoint.obj
c:\users\student\documents\visual studio 2015\projects\action-git\action00\action00\debug\combo.obj
c:\users\student\documents\visual studio 2015\projects\action-git\action00\action00\debug\comboui.obj
c:\users\student\documents\visual studio 2015\projects\action-git\action00\action00\debug\debugnumber3d.obj
c:\users\student\documents\visual studio 2015\projects\action00\debug\action00.ilk
c:\users\student\documents\visual studio 2015\projects\action00\debug\action00.exe
c:\users\student\documents\visual studio 2015\projects\action00\debug\action00.pdb
c:\users\student\documents\visual studio 2015\projects\action-git\action00\action00\debug\action00.ilk
c:\users\student\documents\visual studio 2015\projects\action-git\action00\action00\debug\action00.exe
c:\users\student\documents\visual studio 2015\projects\action-git\action00\action00\debug\action00.pdb
c:\users\student\documents\visual studio 2015\projects\action-git\action00\action00\debug\bosslevel.obj.enc
c:\users\student\documents\visual studio 2015\projects\action-git\action00\action00\debug\game.obj.enc
c:\users\student\documents\visual studio 2015\projects\action-git\action00\action00\debug\action00.tlog\cl.command.1.tlog
c:\users\student\documents\visual studio 2015\projects\action-git\action00\action00\debug\action00.tlog\cl.read.1.tlog
c:\users\student\documents\visual studio 2015\projects\action-git\action00\action00\debug\action00.tlog\cl.write.1.tlog
c:\users\student\documents\visual studio 2015\projects\action-git\action00\action00\debug\action00.tlog\link.command.1.tlog
c:\users\student\documents\visual studio 2015\projects\action-git\action00\action00\debug\action00.tlog\link.read.1.tlog
c:\users\student\documents\visual studio 2015\projects\action-git\action00\action00\debug\action00.tlog\link.write.1.tlog
